<?xml version="1.0" encoding="UTF-8"?>
<!-- Generated by org.testng.reporters.JUnitReportReporter -->
<testsuite skipped="0" hostname="hp" name="Practice.Selenium.ActionsDemo" tests="2" failures="0" timestamp="2022-01-13T16:31:06 IST" time="24.370" errors="0">
  <testcase name="dragAndDropTest" time="12.471" classname="Practice.Selenium.ActionsDemo"/>
  <system-out/>
  <testcase name="mouseActionsTest" time="11.899" classname="Practice.Selenium.ActionsDemo"/>
  <system-out/>
</testsuite> <!-- Practice.Selenium.ActionsDemo -->
