<?xml version="1.0" encoding="UTF-8"?>
<!-- Generated by org.testng.reporters.JUnitReportReporter -->
<testsuite skipped="0" hostname="hp" name="Practice.Selenium.MultipleWindowsDemo" tests="1" failures="0" timestamp="2022-02-24T18:33:29 IST" time="0.607" errors="0">
  <testcase name="MultipleWindowTest" time="0.607" classname="Practice.Selenium.MultipleWindowsDemo"/>
  <system-out/>
</testsuite> <!-- Practice.Selenium.MultipleWindowsDemo -->
