<?xml version="1.0" encoding="UTF-8"?>
<!-- Generated by org.testng.reporters.JUnitReportReporter -->
<testsuite skipped="0" hostname="hp" name="Practice.Selenium.ExcelsheetDemo" tests="1" failures="0" timestamp="2022-02-24T17:37:48 IST" time="1.755" errors="0">
  <testcase name="getExcelData" time="1.755" classname="Practice.Selenium.ExcelsheetDemo"/>
  <system-out/>
</testsuite> <!-- Practice.Selenium.ExcelsheetDemo -->
