<?xml version="1.0" encoding="UTF-8"?>
<!-- Generated by org.testng.reporters.JUnitReportReporter -->
<testsuite skipped="0" hostname="hp" name="Practice.Selenium.framesDemo" tests="1" failures="0" timestamp="2021-09-06T17:41:01 IST" time="6.776" errors="0">
  <testcase name="framesTest" time="6.776" classname="Practice.Selenium.framesDemo"/>
  <system-out/>
</testsuite> <!-- Practice.Selenium.framesDemo -->
