<?xml version="1.0" encoding="UTF-8"?>
<!-- Generated by org.testng.reporters.JUnitReportReporter -->
<testsuite skipped="0" hostname="hp" name="Practice.Selenium.ScreenshotDemo" tests="1" failures="0" timestamp="2021-09-01T18:00:07 IST" time="9.486" errors="0">
  <testcase name="ScreenshotDemoTest" time="9.486" classname="Practice.Selenium.ScreenshotDemo"/>
  <system-out/>
</testsuite> <!-- Practice.Selenium.ScreenshotDemo -->
