<?xml version="1.0" encoding="UTF-8"?>
<!-- Generated by org.testng.reporters.JUnitReportReporter -->
<testsuite skipped="0" hostname="hp" name="Practice.Selenium.RSA_PracticePage" tests="1" failures="0" timestamp="2021-09-07T16:46:59 IST" time="6.060" errors="0">
  <testcase name="webTableFixedHeaderWithScrollTest" time="6.060" classname="Practice.Selenium.RSA_PracticePage"/>
  <system-out/>
</testsuite> <!-- Practice.Selenium.RSA_PracticePage -->
